-20
200 5
0 49999.99999928579
1 49999.999997951025
2 49999.99999416275
3 49999.999983904665
4 49999.99995702308
5 49999.99988878364
6 49999.99972090367
7 49999.99932059087
8 49999.998394764574
9 49999.99631701909
10 49999.99178955459
11 49999.98219945642
12 49999.96239989336
13 49999.92211448418
14 49999.838401107474
15 49999.64329930016
16 49999.07785879349
17 49997.15412798565
18 49990.42296237584
19 49967.80547550782
20 49896.76191854219
21 49693.3041074264
22 49181.3146904593
23 48126.03828448152
24 46559.9873177595
25 45465.847287785014
26 45224.3057288455
27 45013.8667365828
28 44822.07594035481
29 44642.754080147446
30 44465.219392397965
31 44290.41219141365
32 44132.70588568796
33 43998.01270737106
34 43870.62134544122
35 43731.12634758633
36 43571.71364361381
37 43395.87315906475
38 43211.91818311531
39 43026.20360859756
40 42838.71115833664
41 42647.400065063484
42 42452.83760711293
43 42256.211362190916
44 42058.970819140966
45 41860.364118697806
46 41659.016310793995
47 41454.67507676035
48 41247.498330763
49 41037.602255064965
50 40823.949816015614
51 40605.73878832784
52 40382.372467064575
53 40153.344623312034
54 39917.98718896962
55 39676.116436004544
56 39427.25425458078
57 39171.41584777494
58 38909.32183098386
59 38640.80824903347
60 38366.092532602575
61 38083.96358997161
62 37794.372567280436
63 37498.21882739345
64 37196.502851877
65 36890.767674276474
66 36580.33075170829
67 36263.78464569482
68 35941.73542802464
69 35613.278528237875
70 35278.48532041242
71 34937.205983171996
72 34589.81006713761
73 34236.51153782548
74 33878.40551143142
75 33517.479776304004
76 33154.37315512564
77 32789.268424526366
78 32423.226356651
79 32057.311408523638
80 31692.830446331158
81 31329.741964493503
82 30967.729097533367
83 30606.5340667238
84 30246.596761510235
85 29886.92510855618
86 29527.303611034946
87 29166.814063041402
88 28804.800069402765
89 28440.52560688043
90 28072.11232000996
91 27698.687129525493
92 27319.42944360728
93 26933.10583076199
94 26538.278121972842
95 26132.526595460633
96 25713.88798532956
97 25282.645023626363
98 24839.409223545477
99 24385.818298742935
100 23924.723385972313
101 23458.128357072936
102 22987.958954117028
103 22518.174791521727
104 22052.621307372552
105 21595.94173790847
106 21150.132880920435
107 20720.421521634362
108 20297.649108232443
109 19884.364618013235
110 19476.95112929978
111 19073.638686147267
112 18671.238188712763
113 18271.465798549754
114 17872.59289779709
115 17477.551411031905
116 17088.977025285498
117 16702.18996948692
118 16324.594940724071
119 15945.891733342181
120 15578.258250672214
121 15205.63296688293
122 14849.847733330811
123 14486.465064372234
124 14143.45171702461
125 13784.19252971062
126 13455.162061020883
127 13096.466679835112
128 12782.195507664921
129 12423.889746222554
130 12132.605532733814
131 11769.329544102102
132 11549.174333225965
133 11224.939668987005
134 11413.953533398202
135 31227.656172142946
136 169332.80291827183
137 12656.100010046113
138 92270.93347349136
139 11579.52039203131
140 19337.981045635282
141 149298.01922978894
142 11852.330286623372
143 16266.204049893515
144 157547.6131782656
145 14652.222294595467
146 71758.69787840695
147 178160.47701826002
148 12089.691956499075
149 13307.848248647417
150 37681.87036580202
151 13997.731951510821
152 12785.21781261585
153 12787.125093729579
154 13359.647728305426
155 14970.917608467833
156 13573.829716991644
157 13553.566972462138
158 13434.231822770465
159 12992.53956198604
160 12525.373263098109
161 12201.61782834148
162 11697.373234713654
163 11200.979022094536
164 10816.864627589946
165 10516.817795933464
166 10138.420936943912
167 9859.821367127244
168 9530.449527838256
169 9332.63973894222
170 9007.698304648793
171 8943.521784056065
172 8649.303572942696
173 8733.820607847254
174 8397.085586297351
175 14659.605175050903
176 30613004.091360983
177 12372.209238344174
178 151540.21607435067
179 12293264.056286523
180 11437.75726675412
181 2061242.2170310346
182 4421918.879828473
183 62262.797816604434
184 11773630.393261215
185 11345.89376075442
186 4867401.629492931
187 4264953.878128768
188 10443.678897379024
189 32812.26836848437
190 2616983.8930542804
191 543198.8850561411
192 33506.31082903204
193 14519.329679711429
194 12676.757071507189
195 12648.983097484577
196 13853.088931168239
197 17361.923917008662
198 27588.801621729486
199 21454.88543282529
END TRAINING
